# JRE version: Java(TM) SE Runtime Environment (8.0_45-b14) (build 1.8.0_45-b14)
# Java VM: Java HotSpot(TM) 64-Bit Server VM (25.45-b02 mixed mode linux-amd64 compressed oops)
Heap:
 PSYoungGen      total 319488K, used 159517K [0x00000000ebd80000, 0x0000000100000000, 0x0000000100000000)
  eden space 308736K, 48% used [0x00000000ebd80000,0x00000000f4ecb970,0x00000000feb00000)
  from space 10752K, 99% used [0x00000000feb00000,0x00000000ff57bc58,0x00000000ff580000)
  to   space 10752K, 0% used [0x00000000ff580000,0x00000000ff580000,0x0000000100000000)
 ParOldGen       total 48128K, used 34337K [0x00000000c3800000, 0x00000000c6700000, 0x00000000ebd80000)
  object space 48128K, 71% used [0x00000000c3800000,0x00000000c5988598,0x00000000c6700000)
 Metaspace       used 52194K, capacity 52748K, committed 53080K, reserved 1095680K
  class space    used 6293K, capacity 6401K, committed 6528K, reserved 1048576K
GC Heap History (10 events):
Event: 12.151 GC heap before
{Heap before GC invocations=15 (full 1):
 PSYoungGen      total 165888K, used 165862K [0x00000000ebd80000, 0x00000000fb000000, 0x0000000100000000)
  eden space 160768K, 100% used [0x00000000ebd80000,0x00000000f5a80000,0x00000000f5a80000)
  from space 5120K, 99% used [0x00000000f5a80000,0x00000000f5f798f8,0x00000000f5f80000)
  to   space 6144K, 0% used [0x00000000faa00000,0x00000000faa00000,0x00000000fb000000)
 ParOldGen       total 30720K, used 8899K [0x00000000c3800000, 0x00000000c5600000, 0x00000000ebd80000)
  object space 30720K, 28% used [0x00000000c3800000,0x00000000c40b0f20,0x00000000c5600000)
 Metaspace       used 32053K, capacity 32360K, committed 32640K, reserved 1077248K
  class space    used 3769K, capacity 3856K, committed 3968K, reserved 1048576K
Event: 12.167 GC heap after
Heap after GC invocations=15 (full 1):
 PSYoungGen      total 238080K, used 6137K [0x00000000ebd80000, 0x00000000fb100000, 0x0000000100000000)
  eden space 231936K, 0% used [0x00000000ebd80000,0x00000000ebd80000,0x00000000fa000000)
  from space 6144K, 99% used [0x00000000faa00000,0x00000000faffe6e0,0x00000000fb000000)
  to   space 8704K, 0% used [0x00000000fa000000,0x00000000fa000000,0x00000000fa880000)
 ParOldGen       total 30720K, used 13568K [0x00000000c3800000, 0x00000000c5600000, 0x00000000ebd80000)
  object space 30720K, 44% used [0x00000000c3800000,0x00000000c4540080,0x00000000c5600000)
 Metaspace       used 32053K, capacity 32360K, committed 32640K, reserved 1077248K
  class space    used 3769K, capacity 3856K, committed 3968K, reserved 1048576K
}
Event: 12.943 GC heap before
{Heap before GC invocations=16 (full 1):
 PSYoungGen      total 238080K, used 75975K [0x00000000ebd80000, 0x00000000fb100000, 0x0000000100000000)
  eden space 231936K, 30% used [0x00000000ebd80000,0x00000000f01b3720,0x00000000fa000000)
  from space 6144K, 99% used [0x00000000faa00000,0x00000000faffe6e0,0x00000000fb000000)
  to   space 8704K, 0% used [0x00000000fa000000,0x00000000fa000000,0x00000000fa880000)
 ParOldGen       total 30720K, used 13568K [0x00000000c3800000, 0x00000000c5600000, 0x00000000ebd80000)
  object space 30720K, 44% used [0x00000000c3800000,0x00000000c4540080,0x00000000c5600000)
 Metaspace       used 34964K, capacity 35220K, committed 35416K, reserved 1081344K
  class space    used 4141K, capacity 4210K, committed 4224K, reserved 1048576K
Event: 12.956 GC heap after
Heap after GC invocations=16 (full 1):
 PSYoungGen      total 240640K, used 3800K [0x00000000ebd80000, 0x0000000100000000, 0x0000000100000000)
  eden space 231936K, 0% used [0x00000000ebd80000,0x00000000ebd80000,0x00000000fa000000)
  from space 8704K, 43% used [0x00000000fa000000,0x00000000fa3b6240,0x00000000fa880000)
  to   space 8192K, 0% used [0x00000000ff800000,0x00000000ff800000,0x0000000100000000)
 ParOldGen       total 30720K, used 16282K [0x00000000c3800000, 0x00000000c5600000, 0x00000000ebd80000)
  object space 30720K, 53% used [0x00000000c3800000,0x00000000c47e6a48,0x00000000c5600000)
 Metaspace       used 34964K, capacity 35220K, committed 35416K, reserved 1081344K
  class space    used 4141K, capacity 4210K, committed 4224K, reserved 1048576K
}
Event: 12.956 GC heap before
{Heap before GC invocations=17 (full 2):
 PSYoungGen      total 240640K, used 3800K [0x00000000ebd80000, 0x0000000100000000, 0x0000000100000000)
  eden space 231936K, 0% used [0x00000000ebd80000,0x00000000ebd80000,0x00000000fa000000)
  from space 8704K, 43% used [0x00000000fa000000,0x00000000fa3b6240,0x00000000fa880000)
  to   space 8192K, 0% used [0x00000000ff800000,0x00000000ff800000,0x0000000100000000)
 ParOldGen       total 30720K, used 16282K [0x00000000c3800000, 0x00000000c5600000, 0x00000000ebd80000)
  object space 30720K, 53% used [0x00000000c3800000,0x00000000c47e6a48,0x00000000c5600000)
 Metaspace       used 34964K, capacity 35220K, committed 35416K, reserved 1081344K
  class space    used 4141K, capacity 4210K, committed 4224K, reserved 1048576K
Event: 13.027 GC heap after
Heap after GC invocations=17 (full 2):
 PSYoungGen      total 240640K, used 0K [0x00000000ebd80000, 0x0000000100000000, 0x0000000100000000)
  eden space 231936K, 0% used [0x00000000ebd80000,0x00000000ebd80000,0x00000000fa000000)
  from space 8704K, 0% used [0x00000000fa000000,0x00000000fa000000,0x00000000fa880000)
  to   space 8192K, 0% used [0x00000000ff800000,0x00000000ff800000,0x0000000100000000)
 ParOldGen       total 48128K, used 17455K [0x00000000c3800000, 0x00000000c6700000, 0x00000000ebd80000)
  object space 48128K, 36% used [0x00000000c3800000,0x00000000c490be70,0x00000000c6700000)
 Metaspace       used 34964K, capacity 35220K, committed 35416K, reserved 1081344K
  class space    used 4141K, capacity 4210K, committed 4224K, reserved 1048576K
}
Event: 14.905 GC heap before
{Heap before GC invocations=18 (full 2):
 PSYoungGen      total 240640K, used 231936K [0x00000000ebd80000, 0x0000000100000000, 0x0000000100000000)
  eden space 231936K, 100% used [0x00000000ebd80000,0x00000000fa000000,0x00000000fa000000)
  from space 8704K, 0% used [0x00000000fa000000,0x00000000fa000000,0x00000000fa880000)
  to   space 8192K, 0% used [0x00000000ff800000,0x00000000ff800000,0x0000000100000000)
 ParOldGen       total 48128K, used 17455K [0x00000000c3800000, 0x00000000c6700000, 0x00000000ebd80000)
  object space 48128K, 36% used [0x00000000c3800000,0x00000000c490be70,0x00000000c6700000)
 Metaspace       used 40820K, capacity 41162K, committed 41560K, reserved 1085440K
  class space    used 4876K, capacity 4986K, committed 4992K, reserved 1048576K
Event: 14.916 GC heap after
Heap after GC invocations=18 (full 2):
 PSYoungGen      total 316928K, used 8164K [0x00000000ebd80000, 0x0000000100000000, 0x0000000100000000)
  eden space 308736K, 0% used [0x00000000ebd80000,0x00000000ebd80000,0x00000000feb00000)
  from space 8192K, 99% used [0x00000000ff800000,0x00000000ffff9150,0x0000000100000000)
  to   space 10752K, 0% used [0x00000000feb00000,0x00000000feb00000,0x00000000ff580000)
 ParOldGen       total 48128K, used 21329K [0x00000000c3800000, 0x00000000c6700000, 0x00000000ebd80000)
  object space 48128K, 44% used [0x00000000c3800000,0x00000000c4cd4518,0x00000000c6700000)
 Metaspace       used 40820K, capacity 41162K, committed 41560K, reserved 1085440K
  class space    used 4876K, capacity 4986K, committed 4992K, reserved 1048576K
}
Event: 55.726 GC heap before
{Heap before GC invocations=19 (full 2):
 PSYoungGen      total 316928K, used 316900K [0x00000000ebd80000, 0x0000000100000000, 0x0000000100000000)
  eden space 308736K, 100% used [0x00000000ebd80000,0x00000000feb00000,0x00000000feb00000)
  from space 8192K, 99% used [0x00000000ff800000,0x00000000ffff9150,0x0000000100000000)
  to   space 10752K, 0% used [0x00000000feb00000,0x00000000feb00000,0x00000000ff580000)
 ParOldGen       total 48128K, used 21329K [0x00000000c3800000, 0x00000000c6700000, 0x00000000ebd80000)
  object space 48128K, 44% used [0x00000000c3800000,0x00000000c4cd4518,0x00000000c6700000)
 Metaspace       used 48132K, capacity 48550K, committed 48856K, reserved 1091584K
  class space    used 5766K, capacity 5884K, committed 5888K, reserved 1048576K
Event: 55.753 GC heap after
Heap after GC invocations=19 (full 2):
 PSYoungGen      total 319488K, used 10735K [0x00000000ebd80000, 0x0000000100000000, 0x0000000100000000)
  eden space 308736K, 0% used [0x00000000ebd80000,0x00000000ebd80000,0x00000000feb00000)
  from space 10752K, 99% used [0x00000000feb00000,0x00000000ff57bc58,0x00000000ff580000)
  to   space 10752K, 0% used [0x00000000ff580000,0x00000000ff580000,0x0000000100000000)
 ParOldGen       total 48128K, used 34337K [0x00000000c3800000, 0x00000000c6700000, 0x00000000ebd80000)
  object space 48128K, 71% used [0x00000000c3800000,0x00000000c5988598,0x00000000c6700000)
 Metaspace       used 48132K, capacity 48550K, committed 48856K, reserved 1091584K
  class space    used 5766K, capacity 5884K, committed 5888K, reserved 1048576K
}

